2025-03-04 06:38:12,920 - detect.py - WARNING - Injection details are available at: /Data2/v-fenglinyu/ICSE/src/results/social-network/20250304-063812/injection.json
2025-03-04 06:38:17,428 - detect.py - WARNING - Agent chat histories are available at: /Data2/v-fenglinyu/ICSE/src/results/social-network/20250304-063812/logs
2025-03-04 06:48:17,541 - detect.py - INFO - Task execution complete.
2025-03-04 06:48:17,701 - detect.py - INFO - Stopping the task...
2025-03-04 07:21:29,236 - detect.py - WARNING - Injection details are available at: /Data2/v-fenglinyu/ICSE/src/results/social-network/20250304-072129/injection.json
2025-03-04 07:21:33,678 - detect.py - WARNING - Agent chat histories are available at: /Data2/v-fenglinyu/ICSE/src/results/social-network/20250304-072129/logs
2025-03-04 07:31:33,789 - detect.py - INFO - Task execution complete.
2025-03-04 07:31:33,930 - detect.py - INFO - Stopping the task...
2025-03-04 08:29:03,340 - detect.py - WARNING - Injection details are available at: /Data2/v-fenglinyu/ICSE/src/results/social-network/20250304-082903/injection.json
2025-03-04 08:29:07,947 - detect.py - WARNING - Agent chat histories are available at: /Data2/v-fenglinyu/ICSE/src/results/social-network/20250304-082903/logs
2025-03-04 08:39:08,057 - detect.py - INFO - Task execution complete.
2025-03-04 08:39:08,193 - detect.py - INFO - Stopping the task...
2025-03-04 09:13:37,161 - detect.py - WARNING - Injection details are available at: /Data2/v-fenglinyu/ICSE/src/results/social-network/20250304-091337/injection.json
2025-03-04 09:13:41,581 - detect.py - WARNING - Agent chat histories are available at: /Data2/v-fenglinyu/ICSE/src/results/social-network/20250304-091337/logs
2025-03-04 09:23:41,693 - detect.py - INFO - Task execution complete.
2025-03-04 09:23:41,832 - detect.py - INFO - Stopping the task...
2025-03-04 10:38:24,549 - detect.py - WARNING - Injection details are available at: /Data2/v-fenglinyu/ICSE/src/results/social-network/20250304-103824/injection.json
2025-03-04 10:38:29,231 - detect.py - WARNING - Agent chat histories are available at: /Data2/v-fenglinyu/ICSE/src/results/social-network/20250304-103824/logs
2025-03-04 10:48:29,337 - detect.py - INFO - Task execution complete.
2025-03-04 10:48:29,491 - detect.py - INFO - Stopping the task...
2025-03-04 12:07:44,547 - detect.py - WARNING - Injection details are available at: /Data2/v-fenglinyu/ICSE/src/results/social-network/20250304-120744/injection.json
2025-03-04 12:07:49,067 - detect.py - WARNING - Agent chat histories are available at: /Data2/v-fenglinyu/ICSE/src/results/social-network/20250304-120744/logs
2025-03-04 12:17:49,177 - detect.py - INFO - Task execution complete.
2025-03-04 12:17:49,307 - detect.py - INFO - Stopping the task...
2025-03-04 13:31:26,581 - detect.py - WARNING - Injection details are available at: /Data2/v-fenglinyu/ICSE/src/results/social-network/20250304-133126/injection.json
2025-03-04 13:31:31,164 - detect.py - WARNING - Agent chat histories are available at: /Data2/v-fenglinyu/ICSE/src/results/social-network/20250304-133126/logs
2025-03-04 13:41:31,223 - detect.py - INFO - Task execution complete.
2025-03-04 13:41:31,349 - detect.py - INFO - Stopping the task...
2025-03-04 16:18:35,743 - detect.py - WARNING - Injection details are available at: /Data2/v-fenglinyu/ICSE/src/results/social-network/20250304-161835/injection.json
2025-03-04 16:18:40,250 - detect.py - WARNING - Agent chat histories are available at: /Data2/v-fenglinyu/ICSE/src/results/social-network/20250304-161835/logs
2025-03-04 16:28:40,362 - detect.py - INFO - Task execution complete.
2025-03-04 16:28:40,505 - detect.py - INFO - Stopping the task...
2025-03-05 02:46:05,401 - detect.py - WARNING - Injection details are available at: /Data2/v-fenglinyu/ICSE/src/results/social-network/20250305-024605/injection.json
2025-03-05 02:46:09,996 - detect.py - WARNING - Agent chat histories are available at: /Data2/v-fenglinyu/ICSE/src/results/social-network/20250305-024605/logs
2025-03-05 02:56:10,105 - detect.py - INFO - Task execution complete.
2025-03-05 02:56:10,228 - detect.py - INFO - Stopping the task...
2025-03-05 03:40:10,103 - detect.py - WARNING - Injection details are available at: /Data2/v-fenglinyu/ICSE/src/results/social-network/20250305-034010/injection.json
2025-03-05 03:40:14,469 - detect.py - WARNING - Agent chat histories are available at: /Data2/v-fenglinyu/ICSE/src/results/social-network/20250305-034010/logs
2025-03-05 03:50:14,578 - detect.py - INFO - Task execution complete.
2025-03-05 03:50:14,750 - detect.py - INFO - Stopping the task...
2025-03-05 04:39:43,370 - detect.py - WARNING - Injection details are available at: /Data2/v-fenglinyu/ICSE/src/results/social-network/20250305-043943/injection.json
2025-03-05 04:39:47,998 - detect.py - WARNING - Agent chat histories are available at: /Data2/v-fenglinyu/ICSE/src/results/social-network/20250305-043943/logs
2025-03-05 04:49:48,109 - detect.py - INFO - Task execution complete.
2025-03-05 04:49:48,244 - detect.py - INFO - Stopping the task...
2025-03-05 06:11:53,025 - detect.py - WARNING - Injection details are available at: /Data2/v-fenglinyu/ICSE/src/results/social-network/20250305-061153/injection.json
2025-03-05 06:11:57,581 - detect.py - WARNING - Agent chat histories are available at: /Data2/v-fenglinyu/ICSE/src/results/social-network/20250305-061153/logs
2025-03-05 06:21:57,693 - detect.py - INFO - Task execution complete.
2025-03-05 06:21:57,822 - detect.py - INFO - Stopping the task...
2025-03-05 07:49:04,925 - detect.py - WARNING - Injection details are available at: /Data2/v-fenglinyu/ICSE/src/results/social-network/20250305-074904/injection.json
2025-03-05 07:49:09,527 - detect.py - WARNING - Agent chat histories are available at: /Data2/v-fenglinyu/ICSE/src/results/social-network/20250305-074904/logs
2025-03-05 07:59:09,641 - detect.py - INFO - Task execution complete.
2025-03-05 07:59:09,771 - detect.py - INFO - Stopping the task...
2025-03-05 08:41:20,781 - detect.py - WARNING - Injection details are available at: /Data2/v-fenglinyu/ICSE/src/results/social-network/20250305-084120/injection.json
2025-03-05 08:41:25,340 - detect.py - WARNING - Agent chat histories are available at: /Data2/v-fenglinyu/ICSE/src/results/social-network/20250305-084120/logs
2025-03-05 08:51:25,449 - detect.py - INFO - Task execution complete.
2025-03-05 08:51:25,609 - detect.py - INFO - Stopping the task...
2025-03-05 09:22:33,780 - detect.py - WARNING - Injection details are available at: /Data2/v-fenglinyu/ICSE/src/results/social-network/20250305-092233/injection.json
2025-03-05 09:22:38,390 - detect.py - WARNING - Agent chat histories are available at: /Data2/v-fenglinyu/ICSE/src/results/social-network/20250305-092233/logs
2025-03-05 09:32:38,501 - detect.py - INFO - Task execution complete.
2025-03-05 09:32:38,657 - detect.py - INFO - Stopping the task...
2025-03-05 10:07:56,405 - detect.py - WARNING - Injection details are available at: /Data2/v-fenglinyu/ICSE/src/results/social-network/20250305-100756/injection.json
2025-03-05 10:08:00,942 - detect.py - WARNING - Agent chat histories are available at: /Data2/v-fenglinyu/ICSE/src/results/social-network/20250305-100756/logs
2025-03-05 10:18:00,962 - detect.py - INFO - Task execution complete.
2025-03-05 10:18:01,103 - detect.py - INFO - Stopping the task...
2025-03-05 10:53:17,427 - detect.py - WARNING - Injection details are available at: /Data2/v-fenglinyu/ICSE/src/results/social-network/20250305-105317/injection.json
2025-03-05 10:53:22,162 - detect.py - WARNING - Agent chat histories are available at: /Data2/v-fenglinyu/ICSE/src/results/social-network/20250305-105317/logs
2025-03-05 11:03:22,273 - detect.py - INFO - Task execution complete.
2025-03-05 11:03:22,412 - detect.py - INFO - Stopping the task...
2025-03-05 11:47:12,355 - detect.py - WARNING - Injection details are available at: /Data2/v-fenglinyu/ICSE/src/results/social-network/20250305-114712/injection.json
2025-03-05 11:47:16,957 - detect.py - WARNING - Agent chat histories are available at: /Data2/v-fenglinyu/ICSE/src/results/social-network/20250305-114712/logs
2025-03-05 11:57:17,050 - detect.py - INFO - Task execution complete.
2025-03-05 11:57:17,172 - detect.py - INFO - Stopping the task...
2025-03-05 13:26:05,847 - detect.py - WARNING - Injection details are available at: /Data2/v-fenglinyu/ICSE/src/results/social-network/20250305-132605/injection.json
2025-03-05 13:26:10,551 - detect.py - WARNING - Agent chat histories are available at: /Data2/v-fenglinyu/ICSE/src/results/social-network/20250305-132605/logs
2025-03-05 13:36:10,648 - detect.py - INFO - Task execution complete.
2025-03-05 13:36:10,804 - detect.py - INFO - Stopping the task...
2025-03-05 15:40:54,547 - detect.py - WARNING - Injection details are available at: /Data2/v-fenglinyu/ICSE/src/results/social-network/20250305-154054/injection.json
2025-03-05 15:40:59,131 - detect.py - WARNING - Agent chat histories are available at: /Data2/v-fenglinyu/ICSE/src/results/social-network/20250305-154054/logs
2025-03-05 15:45:28,292 - detect.py - WARNING - Connection closed by user.
2025-03-05 15:45:28,293 - detect.py - INFO - Task execution complete.
2025-03-05 15:45:28,338 - detect.py - INFO - Stopping the task...
2025-03-05 16:18:40,745 - detect.py - WARNING - Injection details are available at: /Data2/v-fenglinyu/ICSE/src/results/social-network/20250305-161840/injection.json
2025-03-05 16:18:45,409 - detect.py - WARNING - Agent chat histories are available at: /Data2/v-fenglinyu/ICSE/src/results/social-network/20250305-161840/logs
2025-03-05 16:28:45,493 - detect.py - INFO - Task execution complete.
2025-03-05 16:28:45,633 - detect.py - INFO - Stopping the task...
2025-03-06 02:46:40,667 - detect.py - WARNING - Injection details are available at: /Data2/v-fenglinyu/ICSE/src/results/social-network/20250306-024640/injection.json
2025-03-06 02:46:45,042 - detect.py - WARNING - Agent chat histories are available at: /Data2/v-fenglinyu/ICSE/src/results/social-network/20250306-024640/logs
2025-03-06 02:56:45,155 - detect.py - INFO - Task execution complete.
2025-03-06 02:56:45,306 - detect.py - INFO - Stopping the task...
2025-03-06 05:30:12,869 - detect.py - WARNING - Injection details are available at: /Data2/v-fenglinyu/ICSE/src/results/social-network/20250306-053012/injection.json
2025-03-06 06:29:19,049 - detect.py - WARNING - Injection details are available at: /Data2/v-fenglinyu/ICSE/src/results/social-network/20250306-062919/injection.json
