2024-12-14 03:04:36,297 - lowlevel.py - INFO - Start ACV test case pod_failure...
2024-12-14 03:04:36,297 - lowlevel.py - INFO - Calling service.sh script for experiment setup...
2024-12-14 03:06:16,088 - lowlevel.py - INFO - Start ACV test case pod_failure...
2024-12-14 03:06:16,088 - lowlevel.py - INFO - Calling service.sh script for experiment setup...
2024-12-14 03:07:18,941 - lowlevel.py - INFO - Start ACV test case pod_failure...
2024-12-14 03:07:18,941 - lowlevel.py - INFO - Calling service.sh script for experiment setup...
2024-12-14 03:22:38,352 - lowlevel.py - INFO - Start ACV test case pod_failure...
2024-12-14 03:28:31,497 - lowlevel.py - INFO - Start ACV test case pod_failure...
2024-12-14 03:30:31,384 - lowlevel.py - INFO - Waiting for cluster to be stable, sleeping for 60 seconds...
2024-12-15 03:16:12,123 - lowlevel.py - INFO - Start ACV test case pod_failure...
2024-12-15 03:16:47,557 - lowlevel.py - INFO - Waiting for cluster to be stable, sleeping for 60 seconds...
2024-12-15 03:24:41,939 - lowlevel.py - INFO - Waiting for cluster to be stable, sleeping for 120 seconds...
2024-12-15 03:24:53,682 - lowlevel.py - INFO - Start ACV test case pod_failure...
2024-12-15 03:24:56,047 - lowlevel.py - INFO - Waiting for cluster to be stable, sleeping for 60 seconds...
2024-12-15 03:24:57,331 - lowlevel.py - INFO - Waiting for cluster to be stable, sleeping for 120 seconds...
2024-12-15 03:24:57,331 - lowlevel.py - WARNING - See log file to get the chat history: /Data2/v-fenglinyu/AutoKube/src/results/Experiment/social-network/pod_failure.md
2024-12-15 03:25:19,949 - lowlevel.py - INFO - Start ACV test case pod_failure...
2024-12-15 03:25:22,029 - lowlevel.py - INFO - Waiting for cluster to be stable, sleeping for 60 seconds...
2024-12-15 03:25:23,211 - lowlevel.py - INFO - Waiting for cluster to be stable, sleeping for 120 seconds...
2024-12-15 03:25:23,212 - lowlevel.py - WARNING - See log file to get the chat history: /Data2/v-fenglinyu/AutoKube/src/results/Experiment/social-network/pod_failure.md
2024-12-15 03:25:23,213 - lowlevel.py - ERROR - None
2024-12-15 03:25:23,214 - lowlevel.py - INFO - Task execute complete.
2024-12-15 03:25:23,215 - lowlevel.py - INFO - Stopping ACV test case pod_failure...
2024-12-15 03:26:14,750 - lowlevel.py - INFO - Start ACV test case pod_failure...
2024-12-15 03:26:17,362 - lowlevel.py - INFO - Waiting for cluster to be stable, sleeping for 60 seconds...
2024-12-15 03:26:18,630 - lowlevel.py - INFO - Waiting for cluster to be stable, sleeping for 120 seconds...
2024-12-15 03:26:18,631 - lowlevel.py - WARNING - See log file to get the chat history: /Data2/v-fenglinyu/AutoKube/src/results/Experiment/social-network/pod_failure.md
2024-12-15 03:26:18,633 - lowlevel.py - ERROR - None
2024-12-15 03:26:18,634 - lowlevel.py - INFO - Task execute complete.
2024-12-15 03:26:18,635 - lowlevel.py - INFO - Stopping ACV test case pod_failure...
2024-12-15 03:28:31,126 - lowlevel.py - INFO - Start ACV test case pod_failure...
2024-12-15 03:28:33,104 - lowlevel.py - INFO - Waiting for cluster to be stable, sleeping for 60 seconds...
2024-12-15 03:28:34,354 - lowlevel.py - INFO - Waiting for cluster to be stable, sleeping for 120 seconds...
2024-12-15 03:28:34,355 - lowlevel.py - WARNING - See log file to get the chat history: /Data2/v-fenglinyu/AutoKube/src/results/Experiment/social-network/pod_failure.md
2024-12-15 03:28:34,359 - lowlevel.py - ERROR - None
2024-12-15 03:28:34,360 - lowlevel.py - INFO - Task execute complete.
2024-12-15 03:28:34,361 - lowlevel.py - INFO - Stopping ACV test case pod_failure...
2024-12-15 08:13:50,625 - lowlevel.py - INFO - Start ACV test case pod_failure...
2024-12-15 08:13:56,071 - lowlevel.py - INFO - Waiting for cluster to be stable, sleeping for 60 seconds...
2024-12-15 08:13:58,702 - lowlevel.py - INFO - Waiting for cluster to be stable, sleeping for 120 seconds...
2024-12-15 08:13:58,707 - lowlevel.py - WARNING - See log file to get the chat history: /Data2/v-fenglinyu/AutoKube/src/results/Experiment/social-network/pod_failure.md
2024-12-15 08:13:58,988 - lowlevel.py - ERROR - None
2024-12-15 08:13:58,993 - lowlevel.py - INFO - Task execute complete.
2024-12-15 08:13:58,993 - lowlevel.py - INFO - Stopping ACV test case pod_failure...
2024-12-15 08:33:08,524 - lowlevel.py - INFO - Start ACV test case pod_failure...
2024-12-15 08:33:26,353 - lowlevel.py - INFO - Waiting for cluster to be stable, sleeping for 60 seconds...
2024-12-15 08:33:31,850 - lowlevel.py - INFO - Waiting for cluster to be stable, sleeping for 120 seconds...
2024-12-15 08:33:31,850 - lowlevel.py - WARNING - See log file to get the chat history: /Data2/v-fenglinyu/AutoKube/src/results/Experiment/social-network/pod_failure.md
2024-12-15 08:33:34,494 - lowlevel.py - ERROR - None
2024-12-15 08:33:34,496 - lowlevel.py - INFO - Task execute complete.
2024-12-15 08:33:34,496 - lowlevel.py - INFO - Stopping ACV test case pod_failure...
2024-12-15 08:51:35,001 - lowlevel.py - INFO - Start ACV test case metric_collection_1...
2024-12-15 08:51:38,642 - lowlevel.py - INFO - Waiting for cluster to be stable, sleeping for 60 seconds...
2024-12-15 08:51:39,925 - lowlevel.py - INFO - Waiting for cluster to be stable, sleeping for 120 seconds...
2024-12-15 08:51:39,925 - lowlevel.py - WARNING - See log file to get the chat history: /Data2/v-fenglinyu/AutoKube/src/results/Experiment/social-network/metric_collection_1.md
2024-12-15 08:51:39,970 - lowlevel.py - ERROR - None
2024-12-15 08:51:39,971 - lowlevel.py - INFO - Task execute complete.
2024-12-15 08:51:39,971 - lowlevel.py - INFO - Stopping ACV test case metric_collection_1...
2024-12-15 08:52:19,669 - lowlevel.py - INFO - Start ACV test case metric_collection_1...
2024-12-15 08:52:22,850 - lowlevel.py - INFO - Waiting for cluster to be stable, sleeping for 60 seconds...
2024-12-15 08:52:24,062 - lowlevel.py - INFO - Waiting for cluster to be stable, sleeping for 120 seconds...
2024-12-15 08:52:24,855 - lowlevel.py - WARNING - See log file to get the chat history: /Data2/v-fenglinyu/AutoKube/src/results/Experiment/social-network/metric_collection_1.md
2024-12-15 08:52:30,597 - lowlevel.py - WARNING - Task execution interrupted.
2024-12-15 08:52:30,597 - lowlevel.py - INFO - Task execute complete.
2024-12-15 08:52:30,597 - lowlevel.py - INFO - Stopping ACV test case metric_collection_1...
2024-12-15 08:53:22,538 - lowlevel.py - INFO - Start ACV test case metric_collection_1...
2024-12-15 08:53:26,607 - lowlevel.py - INFO - Waiting for cluster to be stable, sleeping for 60 seconds...
2024-12-15 08:53:28,849 - lowlevel.py - INFO - Waiting for cluster to be stable, sleeping for 120 seconds...
2024-12-15 08:53:28,850 - lowlevel.py - WARNING - See log file to get the chat history: /Data2/v-fenglinyu/AutoKube/src/results/Experiment/social-network/metric_collection_1.md
2024-12-15 08:54:24,802 - lowlevel.py - ERROR - None
2024-12-15 08:54:24,803 - lowlevel.py - INFO - Task execute complete.
2024-12-15 08:54:24,803 - lowlevel.py - INFO - Stopping ACV test case metric_collection_1...
2024-12-15 09:01:27,578 - lowlevel.py - INFO - Start ACV test case metric_collection_1...
2024-12-15 09:01:31,076 - lowlevel.py - INFO - Waiting for cluster to be stable, sleeping for 60 seconds...
2024-12-15 09:01:32,399 - lowlevel.py - INFO - Waiting for cluster to be stable, sleeping for 120 seconds...
2024-12-15 09:01:32,400 - lowlevel.py - WARNING - See log file to get the chat history: /Data2/v-fenglinyu/AutoKube/src/results/Experiment/social-network/metric_collection_1.md
2024-12-15 09:02:05,780 - lowlevel.py - ERROR - None
2024-12-15 09:02:05,781 - lowlevel.py - INFO - Task execute complete.
2024-12-15 09:02:05,781 - lowlevel.py - INFO - Stopping ACV test case metric_collection_1...
2024-12-15 09:18:54,288 - lowlevel.py - INFO - Start ACV test case metric_collection_1...
2024-12-15 09:19:02,985 - lowlevel.py - INFO - Waiting for cluster to be stable, sleeping for 60 seconds...
2024-12-15 09:19:04,236 - lowlevel.py - INFO - Waiting for cluster to be stable, sleeping for 120 seconds...
2024-12-15 09:19:04,237 - lowlevel.py - WARNING - See log file to get the chat history: /Data2/v-fenglinyu/AutoKube/src/results/Experiment/social-network/metric_collection_1.md
2024-12-15 09:19:25,958 - lowlevel.py - ERROR - None
2024-12-15 09:19:25,960 - lowlevel.py - INFO - Task execute complete.
2024-12-15 09:19:25,960 - lowlevel.py - INFO - Stopping ACV test case metric_collection_1...
2024-12-15 09:21:24,419 - lowlevel.py - INFO - Start ACV test case metric_collection_1...
2024-12-15 09:21:29,156 - lowlevel.py - INFO - Waiting for cluster to be stable, sleeping for 60 seconds...
2024-12-15 09:21:30,140 - lowlevel.py - INFO - Waiting for cluster to be stable, sleeping for 120 seconds...
2024-12-15 09:21:30,952 - lowlevel.py - WARNING - See log file to get the chat history: /Data2/v-fenglinyu/AutoKube/src/results/Experiment/social-network/metric_collection_1.md
2024-12-15 09:21:44,995 - lowlevel.py - ERROR - None
2024-12-15 09:21:44,995 - lowlevel.py - INFO - Task execute complete.
2024-12-15 09:21:44,996 - lowlevel.py - INFO - Stopping ACV test case metric_collection_1...
2024-12-15 09:22:13,871 - lowlevel.py - INFO - Start ACV test case metric_collection_1...
2024-12-15 09:22:21,021 - lowlevel.py - INFO - Waiting for cluster to be stable, sleeping for 60 seconds...
2024-12-15 09:22:22,624 - lowlevel.py - INFO - Waiting for cluster to be stable, sleeping for 120 seconds...
2024-12-15 09:22:22,625 - lowlevel.py - WARNING - See log file to get the chat history: /Data2/v-fenglinyu/AutoKube/src/results/Experiment/social-network/metric_collection_1.md
2024-12-15 09:22:35,088 - lowlevel.py - ERROR - None
2024-12-15 09:22:35,090 - lowlevel.py - INFO - Task execute complete.
2024-12-15 09:22:35,090 - lowlevel.py - INFO - Stopping ACV test case metric_collection_1...
2024-12-15 09:23:32,731 - lowlevel.py - INFO - Start ACV test case metric_collection_1...
2024-12-15 09:23:46,457 - lowlevel.py - INFO - Waiting for cluster to be stable, sleeping for 60 seconds...
2024-12-15 09:23:47,906 - lowlevel.py - INFO - Waiting for cluster to be stable, sleeping for 120 seconds...
2024-12-15 09:23:47,907 - lowlevel.py - WARNING - See log file to get the chat history: /Data2/v-fenglinyu/AutoKube/src/results/Experiment/social-network/metric_collection_1.md
2024-12-15 09:24:07,594 - lowlevel.py - INFO - Task execute complete.
2024-12-15 09:24:07,595 - lowlevel.py - INFO - Stopping ACV test case metric_collection_1...
2024-12-15 09:24:45,835 - lowlevel.py - INFO - Start ACV test case metric_collection_1...
2024-12-15 09:24:47,936 - lowlevel.py - INFO - Waiting for cluster to be stable, sleeping for 60 seconds...
2024-12-15 09:24:48,811 - lowlevel.py - INFO - Waiting for cluster to be stable, sleeping for 120 seconds...
2024-12-15 09:24:48,812 - lowlevel.py - WARNING - See log file to get the chat history: /Data2/v-fenglinyu/AutoKube/src/results/Experiment/social-network/metric_collection_1.md
2024-12-15 09:24:53,495 - lowlevel.py - INFO - Task execute complete.
2024-12-15 09:24:53,495 - lowlevel.py - INFO - Stopping ACV test case metric_collection_1...
2024-12-15 15:16:21,233 - lowlevel.py - INFO - Start ACV test case metric_collection_1...
2024-12-15 15:18:41,820 - lowlevel.py - INFO - Waiting for cluster to be stable, sleeping for 60 seconds...
2024-12-15 15:25:43,150 - lowlevel.py - INFO - Waiting for cluster to be stable, sleeping for 120 seconds...
2024-12-15 15:25:43,150 - lowlevel.py - WARNING - See log file to get the chat history: /Data2/v-fenglinyu/AutoKube/src/results/Experiment/social-network/metric_collection_1.md
2024-12-15 15:25:54,046 - lowlevel.py - ERROR - None
2024-12-15 15:25:54,049 - lowlevel.py - INFO - Task execute complete.
2024-12-15 15:25:54,050 - lowlevel.py - INFO - Stopping ACV test case metric_collection_1...
2024-12-15 15:26:01,153 - lowlevel.py - INFO - Start ACV test case metric_collection_1...
2024-12-15 15:26:04,070 - lowlevel.py - INFO - Waiting for cluster to be stable, sleeping for 60 seconds...
2024-12-15 15:26:05,280 - lowlevel.py - INFO - Waiting for cluster to be stable, sleeping for 120 seconds...
2024-12-15 15:26:05,280 - lowlevel.py - WARNING - See log file to get the chat history: /Data2/v-fenglinyu/AutoKube/src/results/Experiment/social-network/metric_collection_1.md
2024-12-15 15:26:25,466 - lowlevel.py - INFO - Task execute complete.
2024-12-15 15:26:25,466 - lowlevel.py - INFO - Stopping ACV test case metric_collection_1...
2024-12-15 15:59:20,716 - lowlevel.py - INFO - Start ACV test case metric_collection_1...
2024-12-15 15:59:28,233 - lowlevel.py - INFO - Waiting for cluster to be stable, sleeping for 60 seconds...
2024-12-15 15:59:29,721 - lowlevel.py - INFO - Waiting for cluster to be stable, sleeping for 120 seconds...
2024-12-15 15:59:29,721 - lowlevel.py - WARNING - See log file to get the chat history: /Data2/v-fenglinyu/AutoKube/src/results/Experiment/social-network/metric_collection_1.md
2024-12-15 16:00:00,946 - lowlevel.py - INFO - Task execute complete.
2024-12-15 16:00:20,395 - lowlevel.py - INFO - Stopping ACV test case metric_collection_1...
2024-12-15 16:02:30,683 - lowlevel.py - INFO - Start ACV test case metric_collection_1...
2024-12-15 16:02:36,139 - lowlevel.py - INFO - Waiting for cluster to be stable, sleeping for 60 seconds...
2024-12-15 16:02:37,458 - lowlevel.py - INFO - Waiting for cluster to be stable, sleeping for 120 seconds...
2024-12-15 16:02:37,458 - lowlevel.py - WARNING - See log file to get the chat history: /Data2/v-fenglinyu/AutoKube/src/results/Experiment/social-network/metric_collection_1.md
2024-12-15 16:02:41,384 - lowlevel.py - INFO - Task execute complete.
2024-12-15 16:03:01,346 - lowlevel.py - INFO - Stopping ACV test case metric_collection_1...
2024-12-15 16:03:01,347 - lowlevel.py - INFO - Log file moved to: /Data2/v-fenglinyu/AutoKube/src/results/Experiment/history_results/20241215-160301.md
2024-12-15 16:04:11,676 - lowlevel.py - INFO - Start ACV test case metric_collection_1...
2024-12-15 16:04:14,735 - lowlevel.py - INFO - Waiting for cluster to be stable, sleeping for 60 seconds...
2024-12-15 16:04:15,774 - lowlevel.py - INFO - Waiting for cluster to be stable, sleeping for 120 seconds...
2024-12-15 16:04:15,775 - lowlevel.py - WARNING - See log file to get the chat history: /Data2/v-fenglinyu/AutoKube/src/results/Experiment/social-network/metric_collection_1.md
2024-12-15 16:04:32,728 - lowlevel.py - INFO - Task execute complete.
2024-12-15 16:04:46,782 - lowlevel.py - INFO - Stopping ACV test case metric_collection_1...
2024-12-15 16:04:46,783 - lowlevel.py - INFO - Log file moved to: /Data2/v-fenglinyu/AutoKube/src/results/Experiment/history_results/20241215-160446.md
2024-12-15 16:06:07,835 - lowlevel.py - INFO - Start ACV test case metric_collection_2...
2024-12-15 16:06:11,905 - lowlevel.py - INFO - Waiting for cluster to be stable, sleeping for 60 seconds...
2024-12-15 16:06:12,959 - lowlevel.py - INFO - Waiting for cluster to be stable, sleeping for 120 seconds...
2024-12-15 16:06:12,959 - lowlevel.py - WARNING - See log file to get the chat history: /Data2/v-fenglinyu/AutoKube/src/results/Experiment/social-network/metric_collection_2.md
2024-12-15 16:06:53,440 - lowlevel.py - INFO - Task execute complete.
2024-12-15 16:07:08,614 - lowlevel.py - INFO - Stopping ACV test case metric_collection_2...
2024-12-15 16:07:08,614 - lowlevel.py - INFO - Log file moved to: /Data2/v-fenglinyu/AutoKube/src/results/Experiment/history_results/20241215-160708.md
2024-12-15 16:10:27,514 - lowlevel.py - INFO - Start ACV test case metric_collection_2...
2024-12-15 16:10:32,910 - lowlevel.py - INFO - Waiting for cluster to be stable, sleeping for 60 seconds...
2024-12-15 16:10:34,117 - lowlevel.py - INFO - Waiting for cluster to be stable, sleeping for 120 seconds...
2024-12-15 16:10:34,118 - lowlevel.py - WARNING - See log file to get the chat history: /Data2/v-fenglinyu/AutoKube/src/results/Experiment/social-network/metric_collection_2.md
2024-12-15 16:11:10,285 - lowlevel.py - INFO - Task execute complete.
2024-12-15 16:12:36,391 - lowlevel.py - INFO - Start ACV test case metric_collection_2...
2024-12-15 16:12:41,091 - lowlevel.py - INFO - Waiting for cluster to be stable, sleeping for 60 seconds...
2024-12-15 16:12:42,373 - lowlevel.py - INFO - Waiting for cluster to be stable, sleeping for 120 seconds...
2024-12-15 16:12:42,374 - lowlevel.py - WARNING - See log file to get the chat history: /Data2/v-fenglinyu/AutoKube/src/results/Experiment/social-network/metric_collection_2.md
2024-12-15 16:13:15,505 - lowlevel.py - INFO - Task execute complete.
2024-12-15 16:16:04,779 - lowlevel.py - INFO - Start ACV test case metric_collection_2...
2024-12-15 16:16:08,053 - lowlevel.py - INFO - Waiting for cluster to be stable, sleeping for 60 seconds...
2024-12-15 16:16:09,007 - lowlevel.py - INFO - Waiting for cluster to be stable, sleeping for 120 seconds...
2024-12-15 16:16:09,007 - lowlevel.py - WARNING - See log file to get the chat history: /Data2/v-fenglinyu/AutoKube/src/results/Experiment/social-network/metric_collection_2.md
2024-12-15 16:16:44,558 - lowlevel.py - INFO - Task execute complete.
2024-12-15 16:20:26,762 - lowlevel.py - INFO - Start ACV test case metric_collection_2...
2024-12-15 16:20:29,294 - lowlevel.py - INFO - Waiting for cluster to be stable, sleeping for 60 seconds...
2024-12-15 16:20:30,291 - lowlevel.py - INFO - Waiting for cluster to be stable, sleeping for 120 seconds...
2024-12-15 16:20:30,291 - lowlevel.py - WARNING - See log file to get the chat history: /Data2/v-fenglinyu/AutoKube/src/results/Experiment/social-network/metric_collection_2.md
2024-12-15 16:20:50,771 - lowlevel.py - ERROR - None
2024-12-15 16:20:50,774 - lowlevel.py - INFO - Task execute complete.
2024-12-15 16:23:22,216 - lowlevel.py - INFO - Start ACV test case metric_collection_2...
2024-12-15 16:23:30,127 - lowlevel.py - INFO - Waiting for cluster to be stable, sleeping for 60 seconds...
2024-12-15 16:23:31,048 - lowlevel.py - INFO - Waiting for cluster to be stable, sleeping for 120 seconds...
2024-12-15 16:23:31,049 - lowlevel.py - WARNING - See log file to get the chat history: /Data2/v-fenglinyu/AutoKube/src/results/Experiment/social-network/metric_collection_2.md
2024-12-15 16:24:10,392 - lowlevel.py - INFO - Task execute complete.
2024-12-15 16:25:26,729 - lowlevel.py - INFO - Start ACV test case metric_collection_2...
2024-12-15 16:25:29,732 - lowlevel.py - INFO - Waiting for cluster to be stable, sleeping for 60 seconds...
2024-12-15 16:25:30,910 - lowlevel.py - INFO - Waiting for cluster to be stable, sleeping for 120 seconds...
2024-12-15 16:25:30,910 - lowlevel.py - WARNING - See log file to get the chat history: /Data2/v-fenglinyu/AutoKube/src/results/Experiment/social-network/metric_collection_2.md
2024-12-15 16:26:09,432 - lowlevel.py - INFO - Task execute complete.
2024-12-15 16:27:58,368 - lowlevel.py - INFO - Start ACV test case metric_collection_2...
2024-12-15 16:28:13,685 - lowlevel.py - INFO - Waiting for cluster to be stable, sleeping for 60 seconds...
2024-12-15 16:28:15,790 - lowlevel.py - INFO - Waiting for cluster to be stable, sleeping for 120 seconds...
2024-12-15 16:28:15,790 - lowlevel.py - WARNING - See log file to get the chat history: /Data2/v-fenglinyu/AutoKube/src/results/Experiment/social-network/metric_collection_2.md
2024-12-15 16:28:18,144 - lowlevel.py - ERROR - None
2024-12-15 16:28:18,146 - lowlevel.py - INFO - Task execute complete.
2024-12-15 16:28:34,831 - lowlevel.py - INFO - Start ACV test case metric_collection_2...
2024-12-15 16:28:54,812 - lowlevel.py - INFO - Waiting for cluster to be stable, sleeping for 60 seconds...
2024-12-15 16:28:55,733 - lowlevel.py - INFO - Waiting for cluster to be stable, sleeping for 120 seconds...
2024-12-15 16:28:55,733 - lowlevel.py - WARNING - See log file to get the chat history: /Data2/v-fenglinyu/AutoKube/src/results/Experiment/social-network/metric_collection_2.md
2024-12-15 16:29:31,046 - lowlevel.py - INFO - Task execute complete.
2024-12-15 16:29:46,099 - lowlevel.py - INFO - Stopping ACV test case metric_collection_2...
2024-12-15 16:29:46,100 - lowlevel.py - INFO - Log file moved to: /Data2/v-fenglinyu/AutoKube/src/results/Experiment/history_results/20241215-162946.md
2024-12-15 16:30:05,104 - lowlevel.py - INFO - Start ACV test case metric_collection_2...
2024-12-15 16:30:08,610 - lowlevel.py - INFO - Waiting for cluster to be stable, sleeping for 60 seconds...
2024-12-15 16:30:09,499 - lowlevel.py - INFO - Waiting for cluster to be stable, sleeping for 120 seconds...
2024-12-15 16:30:09,499 - lowlevel.py - WARNING - See log file to get the chat history: /Data2/v-fenglinyu/AutoKube/src/results/Experiment/social-network/metric_collection_2.md
2024-12-15 16:30:53,329 - lowlevel.py - INFO - Task execute complete.
2024-12-15 16:31:10,029 - lowlevel.py - INFO - Stopping ACV test case metric_collection_2...
2024-12-15 16:31:10,030 - lowlevel.py - INFO - Log file moved to: /Data2/v-fenglinyu/AutoKube/src/results/Experiment/history_results/20241215-163110.md
2024-12-15 16:31:26,377 - lowlevel.py - INFO - Start ACV test case metric_collection_2...
2024-12-15 16:31:34,734 - lowlevel.py - INFO - Waiting for cluster to be stable, sleeping for 60 seconds...
2024-12-15 16:31:35,873 - lowlevel.py - INFO - Waiting for cluster to be stable, sleeping for 120 seconds...
2024-12-15 16:31:35,873 - lowlevel.py - WARNING - See log file to get the chat history: /Data2/v-fenglinyu/AutoKube/src/results/Experiment/social-network/metric_collection_2.md
2024-12-15 16:32:33,925 - lowlevel.py - INFO - Task execute complete.
2024-12-15 16:32:53,381 - lowlevel.py - INFO - Stopping ACV test case metric_collection_2...
2024-12-15 16:32:53,382 - lowlevel.py - INFO - Log file moved to: /Data2/v-fenglinyu/AutoKube/src/results/Experiment/history_results/20241215-163253.md
2024-12-15 16:38:04,484 - lowlevel.py - INFO - Start ACV test case manual_scaling...
2024-12-15 16:38:08,814 - lowlevel.py - INFO - Waiting for cluster to be stable, sleeping for 60 seconds...
2024-12-15 16:38:10,672 - lowlevel.py - INFO - Waiting for cluster to be stable, sleeping for 120 seconds...
2024-12-15 16:38:10,672 - lowlevel.py - WARNING - See log file to get the chat history: /Data2/v-fenglinyu/AutoKube/src/results/Experiment/social-network/manual_scaling.md
2024-12-15 16:38:46,425 - lowlevel.py - INFO - Task execute complete.
2024-12-15 16:39:06,706 - lowlevel.py - INFO - Stopping ACV test case manual_scaling...
2024-12-15 16:39:06,707 - lowlevel.py - INFO - Log file moved to: /Data2/v-fenglinyu/AutoKube/src/results/Experiment/history_results/20241215-163906.md
2024-12-16 02:41:27,687 - lowlevel.py - INFO - Start ACV test case manual_scaling...
2024-12-16 02:49:07,617 - lowlevel.py - INFO - Start ACV test case manual_scaling...
2024-12-16 02:49:11,943 - lowlevel.py - INFO - Waiting for cluster to be stable, sleeping for 60 seconds...
2024-12-16 02:49:12,769 - lowlevel.py - INFO - Waiting for cluster to be stable, sleeping for 120 seconds...
2024-12-16 02:49:12,769 - lowlevel.py - WARNING - See log file to get the chat history: /Data2/v-fenglinyu/AutoKube/src/results/Experiment/social-network/manual_scaling.md
2024-12-16 02:49:59,891 - lowlevel.py - INFO - Task execute complete.
2024-12-16 02:50:22,657 - lowlevel.py - INFO - Stopping ACV test case manual_scaling...
2024-12-16 02:50:22,657 - lowlevel.py - INFO - Log file moved to: /Data2/v-fenglinyu/AutoKube/src/results/Experiment/history_results/20241216-025022.md
2024-12-16 03:05:53,755 - lowlevel.py - INFO - Start ACV test case manual_scaling...
2024-12-16 03:29:34,092 - lowlevel.py - INFO - Waiting for cluster to be stable, sleeping for 60 seconds...
2024-12-16 03:29:35,307 - lowlevel.py - INFO - Waiting for cluster to be stable, sleeping for 120 seconds...
2024-12-16 03:29:35,308 - lowlevel.py - WARNING - See log file to get the chat history: /Data2/v-fenglinyu/AutoKube/src/results/Experiment/social-network/manual_scaling.md
2024-12-16 03:30:10,759 - lowlevel.py - INFO - Task execute complete.
2024-12-16 03:30:29,667 - lowlevel.py - INFO - Stopping ACV test case manual_scaling...
2024-12-16 03:30:29,667 - lowlevel.py - INFO - Log file moved to: /Data2/v-fenglinyu/AutoKube/src/results/Experiment/history_results/20241216-033029.md
2024-12-16 03:33:37,578 - lowlevel.py - INFO - Start ACV test case restart...
2024-12-16 03:37:19,177 - lowlevel.py - INFO - Waiting for cluster to be stable, sleeping for 60 seconds...
2024-12-16 03:37:20,808 - lowlevel.py - INFO - Waiting for cluster to be stable, sleeping for 120 seconds...
2024-12-16 03:37:20,809 - lowlevel.py - WARNING - See log file to get the chat history: /Data2/v-fenglinyu/AutoKube/src/results/Experiment/social-network/restart.md
2024-12-16 03:40:21,611 - lowlevel.py - INFO - Task execute complete.
2024-12-16 03:40:42,297 - lowlevel.py - INFO - Stopping ACV test case restart...
2024-12-16 03:40:42,298 - lowlevel.py - INFO - Log file moved to: /Data2/v-fenglinyu/AutoKube/src/results/Experiment/history_results/20241216-034042.md
2024-12-16 03:40:54,928 - lowlevel.py - INFO - Start ACV test case restart...
2024-12-16 03:41:47,019 - lowlevel.py - INFO - Waiting for cluster to be stable, sleeping for 60 seconds...
2024-12-16 03:41:48,166 - lowlevel.py - INFO - Waiting for cluster to be stable, sleeping for 120 seconds...
2024-12-16 03:41:48,166 - lowlevel.py - WARNING - See log file to get the chat history: /Data2/v-fenglinyu/AutoKube/src/results/Experiment/social-network/restart.md
2024-12-16 03:42:45,439 - lowlevel.py - INFO - Task execute complete.
2024-12-16 03:43:03,188 - lowlevel.py - INFO - Stopping ACV test case restart...
2024-12-16 03:43:03,189 - lowlevel.py - INFO - Log file moved to: /Data2/v-fenglinyu/AutoKube/src/results/Experiment/history_results/20241216-034303.md
2024-12-16 03:43:48,813 - lowlevel.py - INFO - Start ACV test case restart...
2024-12-16 03:44:06,643 - lowlevel.py - INFO - Waiting for cluster to be stable, sleeping for 60 seconds...
2024-12-16 03:44:07,811 - lowlevel.py - INFO - Waiting for cluster to be stable, sleeping for 120 seconds...
2024-12-16 03:44:07,812 - lowlevel.py - WARNING - See log file to get the chat history: /Data2/v-fenglinyu/AutoKube/src/results/Experiment/social-network/restart.md
2024-12-16 03:46:14,667 - lowlevel.py - INFO - Task execute complete.
2024-12-16 03:46:32,772 - lowlevel.py - INFO - Stopping ACV test case restart...
2024-12-16 03:46:32,773 - lowlevel.py - INFO - Log file moved to: /Data2/v-fenglinyu/AutoKube/src/results/Experiment/history_results/20241216-034632.md
